Arguments: 
  /Users/macuser/.nvm/versions/node/v14.17.5/bin/node /usr/local/bin/yarn add @sengrid/mail

PATH: 
  /Users/macuser/google-cloud-sdk/bin:/Users/macuser/opt/anaconda3/bin:/Users/macuser/.nvm/versions/node/v14.17.5/bin:/Library/Frameworks/Python.framework/Versions/2.7/bin:/usr/local/bin:/System/Cryptexes/App/usr/bin:/usr/bin:/bin:/usr/sbin:/sbin:/usr/local/go/bin:/usr/local/share/dotnet:/opt/X11/bin:~/.dotnet/tools:/Library/Apple/usr/bin:/Library/Frameworks/Mono.framework/Versions/Current/Commands:/Users/macuser/google-cloud-sdk/bin:/Users/macuser/opt/anaconda3/bin:/Users/macuser/.nvm/versions/node/v14.17.5/bin:/Library/Frameworks/Python.framework/Versions/2.7/bin:/usr/local/go:/Users/macuser/.rvm/bin:/usr/local/go

Yarn version: 
  1.22.5

Node version: 
  14.17.5

Platform: 
  darwin x64

Trace: 
  Error: https://registry.yarnpkg.com/@sengrid%2fmail: Not found
      at Request.params.callback [as _callback] (/usr/local/lib/node_modules/yarn/lib/cli.js:66988:18)
      at Request.self.callback (/usr/local/lib/node_modules/yarn/lib/cli.js:140662:22)
      at Request.emit (events.js:400:28)
      at Request.<anonymous> (/usr/local/lib/node_modules/yarn/lib/cli.js:141634:10)
      at Request.emit (events.js:400:28)
      at IncomingMessage.<anonymous> (/usr/local/lib/node_modules/yarn/lib/cli.js:141556:12)
      at Object.onceWrapper (events.js:519:28)
      at IncomingMessage.emit (events.js:412:35)
      at endReadableNT (internal/streams/readable.js:1317:12)
      at processTicksAndRejections (internal/process/task_queues.js:82:21)

npm manifest: 
  {
    "name": "email_form",
    "version": "1.0.0",
    "description": "emails al from the form",
    "main": "index.js",
    "scripts": {
      "test": "echo \"Error: no test specified\" && exit 1",
      "dev": "npx env-cmd functions-framework --target main --port 1234"
    },
    "author": "",
    "license": "ISC",
    "dependencies": {
      "@google-cloud/functions-framework": "^3.1.2"
    },
    "devDependencies": {
      "env-cmd": "^10.1.0"
    }
  }

yarn manifest: 
  No manifest

Lockfile: 
  No lockfile
